This is XeTeX, Version 3.141592653-2.6-0.999996 (TeX Live 2024) (preloaded format=xelatex 2025.3.7)  24 SEP 2025 17:39
entering extended mode
 restricted \write18 enabled.
 file:line:error style messages enabled.
 %&-line parsing enabled.
**monthly_calendar.tex
(./monthly_calendar.tex
LaTeX2e <2023-11-01> patch level 1
L3 programming layer <2024-02-20>
(/usr/local/texlive/2024/texmf-dist/tex/latex/extsizes/extarticle.cls
Document Class: extarticle 1996/10/08 v1.0 Non Standard LaTeX document class
(/usr/local/texlive/2024/texmf-dist/tex/latex/extsizes/size9.clo
File: size9.clo 1999/11/11 v1.4a NON-Standard LaTeX file (size option)
)
(/usr/local/texlive/2024/texmf-dist/tex/latex/base/exscale.sty
Package: exscale 2018/09/24 v2.1i Standard LaTeX package exscale
LaTeX Font Info:    Redeclaring symbol font `largesymbols' on input line 57.
LaTeX Font Info:    Overwriting symbol font `largesymbols' in version `normal'
(Font)                  OMX/cmex/m/n --> OMX/cmex/m/n on input line 57.
LaTeX Font Info:    Overwriting symbol font `largesymbols' in version `bold'
(Font)                  OMX/cmex/m/n --> OMX/cmex/m/n on input line 57.
\big@size=\dimen140
)
\c@part=\count184
\c@section=\count185
\c@subsection=\count186
\c@subsubsection=\count187
\c@paragraph=\count188
\c@subparagraph=\count189
\c@figure=\count190
\c@table=\count191
\abovecaptionskip=\skip48
\belowcaptionskip=\)
(/usr/local/texlive/2024/texmf-dist/tex/latex/xcolor/xcolor.sty
(/usr/local/texlive/2024/texmf-dist/tex/latex/graphics-cfg/color.cfg)
(/usr/local/texlive/2024/texmf-dist/tex/latex/graphics-def/xetex.def)
(/usr/local/texlive/2024/texmf-dist/tex/latex/graphics/mathcolor.ltx))
(/usr/local/texlive/2024/texmf-dist/tex/latex/colortbl/colortbl.sty
(/usr/local/texlive/2024/texmf-dist/tex/latex/tools/array.sty))
(/usr/local/texlive/2024/texmf-dist/tex/latex/graphics/graphicx.sty
(/usr/local/texlive/2024/texmf-dist/tex/latex/graphics/graphics.sty
(/usr/local/texlive/2024/texmf-dist/tex/latex/graphics/trig.sty)
(/usr/local/texlive/2024/texmf-dist/tex/latex/graphics-cfg/graphics.cfg)))
(/usr/local/texlive/2024/texmf-dist/tex/latex/pgf/frontendlayer/tikz.sty
(/usr/local/texlive/2024/texmf-dist/tex/latex/pgf/basiclayer/pgf.sty
(/usr/local/texlive/2024/texmf-dist/tex/latex/pgf/utilities/pgfrcs.sty
(/usr/local/texlive/2024/texmf-dist/tex/generic/pgf/utilities/pgfutil-common.te
x)
(/usr/local/texlive/2024/texmf-dist/tex/generic/pgf/utilities/pgfutil-latex.def
) (/usr/local/texlive/2024/texmf-dist/tex/generic/pgf/utilities/pgfrcs.code.tex
(/usr/local/texlive/2024/texmf-dist/tex/generic/pgf/pgf.revision.tex)))
(/usr/local/texlive/2024/texmf-dist/tex/latex/pgf/basiclayer/pgfcore.sty
(/usr/local/texlive/2024/texmf-dist/tex/latex/pgf/systemlayer/pgfsys.sty
(/usr/local/texlive/2024/texmf-dist/tex/generic/pgf/systemlayer/pgfsys.code.tex
(/usr/local/texlive/2024/texmf-dist/tex/generic/pgf/utilities/pgfkeys.code.tex
(/usr/local/texlive/2024/texmf-dist/tex/generic/pgf/utilities/pgfkeyslibraryfil
tered.code.tex))
(/usr/local/texlive/2024/texmf-dist/tex/generic/pgf/systemlayer/pgf.cfg)
(/usr/local/texlive/2024/texmf-dist/tex/generic/pgf/systemlayer/pgfsys-xetex.de
f
(/usr/local/texlive/2024/texmf-dist/tex/generic/pgf/systemlayer/pgfsys-dvipdfmx
.def
(/usr/local/texlive/2024/texmf-dist/tex/generic/pgf/systemlayer/pgfsys-common-p
df.def))))
(/usr/local/texlive/2024/texmf-dist/tex/generic/pgf/systemlayer/pgfsyssoftpath.
code.tex)
(/usr/local/texlive/2024/texmf-dist/tex/generic/pgf/systemlayer/pgfsysprotocol.
code.tex))
(/usr/local/texlive/2024/texmf-dist/tex/generic/pgf/basiclayer/pgfcore.code.tex
(/usr/local/texlive/2024/texmf-dist/tex/generic/pgf/math/pgfmath.code.tex
(/usr/local/texlive/2024/texmf-dist/tex/generic/pgf/math/pgfmathutil.code.tex)
(/usr/local/texlive/2024/texmf-dist/tex/generic/pgf/math/pgfmathparser.code.tex
)
(/usr/local/texlive/2024/texmf-dist/tex/generic/pgf/math/pgfmathfunctions.code.
tex)
(/usr/local/texlive/2024/texmf-dist/tex/generic/pgf/math/pgfmathfunctions.basic
.code.tex)
(/usr/local/texlive/2024/texmf-dist/tex/generic/pgf/math/pgfmathfunctions.trigo
nometric.code.tex)
(/usr/local/texlive/2024/texmf-dist/tex/generic/pgf/math/pgfmathfunctions.rando
m.code.tex)
(/usr/local/texlive/2024/texmf-dist/tex/generic/pgf/math/pgfmathfunctions.compa
rison.code.tex)
(/usr/local/texlive/2024/texmf-dist/tex/generic/pgf/math/pgfmathfunctions.base.
code.tex)
(/usr/local/texlive/2024/texmf-dist/tex/generic/pgf/math/pgfmathfunctions.round
.code.tex)
(/usr/local/texlive/2024/texmf-dist/tex/generic/pgf/math/pgfmathfunctions.misc.
code.tex)
(/usr/local/texlive/2024/texmf-dist/tex/generic/pgf/math/pgfmathfunctions.integ
erarithmetics.code.tex)
(/usr/local/texlive/2024/texmf-dist/tex/generic/pgf/math/pgfmathcalc.code.tex)
(/usr/local/texlive/2024/texmf-dist/tex/generic/pgf/math/pgfmathfloat.code.tex)
) (/usr/local/texlive/2024/texmf-dist/tex/generic/pgf/math/pgfint.code.tex)
(/usr/local/texlive/2024/texmf-dist/tex/generic/pgf/basiclayer/pgfcorepoints.co
de.tex)
(/usr/local/texlive/2024/texmf-dist/tex/generic/pgf/basiclayer/pgfcorepathconst
ruct.code.tex)
(/usr/local/texlive/2024/texmf-dist/tex/generic/pgf/basiclayer/pgfcorepathusage
.code.tex)
(/usr/local/texlive/2024/texmf-dist/tex/generic/pgf/basiclayer/pgfcorescopes.co
de.tex)
(/usr/local/texlive/2024/texmf-dist/tex/generic/pgf/basiclayer/pgfcoregraphicst
ate.code.tex)
(/usr/local/texlive/2024/texmf-dist/tex/generic/pgf/basiclayer/pgfcoretransform
ations.code.tex)
(/usr/local/texlive/2024/texmf-dist/tex/generic/pgf/basiclayer/pgfcorequick.cod
e.tex)
(/usr/local/texlive/2024/texmf-dist/tex/generic/pgf/basiclayer/pgfcoreobjects.c
ode.tex)
(/usr/local/texlive/2024/texmf-dist/tex/generic/pgf/basiclayer/pgfcorepathproce
ssing.code.tex)
(/usr/local/texlive/2024/texmf-dist/tex/generic/pgf/basiclayer/pgfcorearrows.co
de.tex)
(/usr/local/texlive/2024/texmf-dist/tex/generic/pgf/basiclayer/pgfcoreshade.cod
e.tex)
(/usr/local/texlive/2024/texmf-dist/tex/generic/pgf/basiclayer/pgfcoreimage.cod
e.tex)
(/usr/local/texlive/2024/texmf-dist/tex/generic/pgf/basiclayer/pgfcoreexternal.
code.tex)
(/usr/local/texlive/2024/texmf-dist/tex/generic/pgf/basiclayer/pgfcorelayers.co
de.tex)
(/usr/local/texlive/2024/texmf-dist/tex/generic/pgf/basiclayer/pgfcoretranspare
ncy.code.tex)
(/usr/local/texlive/2024/texmf-dist/tex/generic/pgf/basiclayer/pgfcorepatterns.
code.tex)
(/usr/local/texlive/2024/texmf-dist/tex/generic/pgf/basiclayer/pgfcorerdf.code.
tex)))
(/usr/local/texlive/2024/texmf-dist/tex/generic/pgf/modules/pgfmoduleshapes.cod
e.tex)
(/usr/local/texlive/2024/texmf-dist/tex/generic/pgf/modules/pgfmoduleplot.code.
tex)
(/usr/local/texlive/2024/texmf-dist/tex/latex/pgf/compatibility/pgfcomp-version
-0-65.sty)
(/usr/local/texlive/2024/texmf-dist/tex/latex/pgf/compatibility/pgfcomp-version
-1-18.sty))
(/usr/local/texlive/2024/texmf-dist/tex/latex/pgf/utilities/pgffor.sty
(/usr/local/texlive/2024/texmf-dist/tex/latex/pgf/utilities/pgfkeys.sty
(/usr/local/texlive/2024/texmf-dist/tex/generic/pgf/utilities/pgfkeys.code.tex)
) (/usr/local/texlive/2024/texmf-dist/tex/latex/pgf/math/pgfmath.sty
(/usr/local/texlive/2024/texmf-dist/tex/generic/pgf/math/pgfmath.code.tex))
(/usr/local/texlive/2024/texmf-dist/tex/generic/pgf/utilities/pgffor.code.tex))

(/usr/local/texlive/2024/texmf-dist/tex/generic/pgf/frontendlayer/tikz/tikz.cod
e.tex
(/usr/local/texlive/2024/texmf-dist/tex/generic/pgf/libraries/pgflibraryplothan
dlers.code.tex)
(/usr/local/texlive/2024/texmf-dist/tex/generic/pgf/modules/pgfmodulematrix.cod
e.tex)
(/usr/local/texlive/2024/texmf-dist/tex/generic/pgf/frontendlayer/tikz/librarie
s/tikzlibrarytopaths.code.tex)))
(/usr/local/texlive/2024/texmf-dist/tex/latex/adjustbox/adjustbox.sty
(/usr/local/texlive/2024/texmf-dist/tex/latex/xkeyval/xkeyval.sty
(/usr/local/texlive/2024/texmf-dist/tex/generic/xkeyval/xkeyval.tex
(/usr/local/texlive/2024/texmf-dist/tex/generic/xkeyval/xkvutils.tex)))
(/usr/local/texlive/2024/texmf-dist/tex/latex/adjustbox/adjcalc.sty)
(/usr/local/texlive/2024/texmf-dist/tex/latex/adjustbox/trimclip.sty
(/usr/local/texlive/2024/texmf-dist/tex/latex/collectbox/collectbox.sty)
(/usr/local/texlive/2024/texmf-dist/tex/latex/adjustbox/tc-xetex.def))
(/usr/local/texlive/2024/texmf-dist/tex/latex/ifoddpage/ifoddpage.sty)
(/usr/local/texlive/2024/texmf-dist/tex/latex/varwidth/varwidth.sty))
(/usr/local/texlive/2024/texmf-dist/tex/latex/tools/tabularx.sty)
(/usr/local/texlive/2024/texmf-dist/tex/latex/multirow/multirow.sty)
(/usr/local/texlive/2024/texmf-dist/tex/latex/makecell/makecell.sty)
(/usr/local/texlive/2024/texmf-dist/tex/latex/setspace/setspace.sty)
(/usr/local/texlive/2024/texmf-dist/tex/latex/leading/leading.sty)
(/usr/local/texlive/2024/texmf-dist/tex/latex/dashrule/dashrule.sty
(/usr/local/texlive/2024/texmf-dist/tex/latex/ifmtarg/ifmtarg.sty))
(/usr/local/texlive/2024/texmf-dist/tex/latex/wrapfig/wrapfig.sty)
(/usr/local/texlive/2024/texmf-dist/tex/latex/marginnote/marginnote.sty)
(/usr/local/texlive/2024/texmf-dist/tex/latex/fancyhdr/fancyhdr.sty)
(/usr/local/texlive/2024/texmf-dist/tex/latex/mathtools/mathtools.sty
(/usr/local/texlive/2024/texmf-dist/tex/latex/mathtools/mhsetup.sty)
(/usr/local/texlive/2024/texmf-dist/tex/latex/amsmath/amsmath.sty
For additional information on amsmath, use the `?' option.
(/usr/local/texlive/2024/texmf-dist/tex/latex/amsmath/amstext.sty
(/usr/local/texlive/2024/texmf-dist/tex/latex/amsmath/amsgen.sty))
(/usr/local/texlive/2024/texmf-dist/tex/latex/amsmath/amsbsy.sty)
(/usr/local/texlive/2024/texmf-dist/tex/latex/amsmath/amsopn.sty)))
(/usr/local/texlive/2024/texmf-dist/tex/latex/amsfonts/amssymb.sty
(/usr/local/texlive/2024/texmf-dist/tex/latex/amsfonts/amsfonts.sty))
(/usr/local/texlive/2024/texmf-dist/tex/latex/multido/multido.sty
(/usr/local/texlive/2024/texmf-dist/tex/generic/multido/multido.tex
 v1.42, 2010/05/14 <tvz>))
(/usr/local/texlive/2024/texmf-dist/tex/latex/tcolorbox/tcolorbox.sty
(/usr/local/texlive/2024/texmf-dist/tex/latex/tools/verbatim.sty)
(/usr/local/texlive/2024/texmf-dist/tex/latex/environ/environ.sty
(/usr/local/texlive/2024/texmf-dist/tex/latex/trimspaces/trimspaces.sty))
(/usr/local/texlive/2024/texmf-dist/tex/latex/etoolbox/etoolbox.sty)
(/usr/local/texlive/2024/texmf-dist/tex/latex/tcolorbox/tcbraster.code.tex
Library (tcolorbox): 'tcbraster.code.tex' version '6.2.0'
) (/usr/local/texlive/2024/texmf-dist/tex/latex/tcolorbox/tcbskins.code.tex
Library (tcolorbox): 'tcbskins.code.tex' version '6.2.0'
(/usr/local/texlive/2024/texmf-dist/tex/latex/tikzfill/tikzfill.image.sty
(/usr/local/texlive/2024/texmf-dist/tex/latex/tikzfill/tikzfill-common.sty)
(/usr/local/texlive/2024/texmf-dist/tex/latex/tikzfill/tikzlibraryfill.image.co
de.tex))
(/usr/local/texlive/2024/texmf-dist/tex/latex/tcolorbox/tcbskinsjigsaw.code.tex
Library (tcolorbox): 'tcbskinsjigsaw.code.tex' version '6.2.0'
))
(/usr/local/texlive/2024/texmf-dist/tex/latex/tcolorbox/tcbbreakable.code.tex
Library (tcolorbox): 'tcbbreakable.code.tex' version '6.2.0'
(/usr/local/texlive/2024/texmf-dist/tex/latex/pdfcol/pdfcol.sty
(/usr/local/texlive/2024/texmf-dist/tex/generic/ltxcmds/ltxcmds.sty)
(/usr/local/texlive/2024/texmf-dist/tex/generic/infwarerr/infwarerr.sty)))
(/usr/local/texlive/2024/texmf-dist/tex/latex/tcolorbox/tcbhooks.code.tex
Library (tcolorbox): 'tcbhooks.code.tex' version '6.2.0'
) (/usr/local/texlive/2024/texmf-dist/tex/latex/tcolorbox/tcbtheorems.code.tex
Library (tcolorbox): 'tcbtheorems.code.tex' version '6.2.0'
) (/usr/local/texlive/2024/texmf-dist/tex/latex/tcolorbox/tcbfitting.code.tex
Library (tcolorbox): 'tcbfitting.code.tex' version '6.2.0'
)
(/usr/local/texlive/2024/texmf-dist/tex/latex/tcolorbox/tcblistingsutf8.code.te
x
Library (tcolorbox): 'tcblistingsutf8.code.tex' version '6.2.0'
(/usr/local/texlive/2024/texmf-dist/tex/latex/tcolorbox/tcblistings.code.tex
Library (tcolorbox): 'tcblistings.code.tex' version '6.2.0'
(/usr/local/texlive/2024/texmf-dist/tex/latex/listings/listings.sty
(/usr/local/texlive/2024/texmf-dist/tex/latex/listings/lstpatch.sty)
(/usr/local/texlive/2024/texmf-dist/tex/latex/listings/lstmisc.sty)
(/usr/local/texlive/2024/texmf-dist/tex/latex/listings/listings.cfg))
(/usr/local/texlive/2024/texmf-dist/tex/latex/tcolorbox/tcblistingscore.code.te
x
Library (tcolorbox): 'tcblistingscore.code.tex' version '6.2.0'
(/usr/local/texlive/2024/texmf-dist/tex/latex/tcolorbox/tcbprocessing.code.tex
Library (tcolorbox): 'tcbprocessing.code.tex' version '6.2.0'
))))
(/usr/local/texlive/2024/texmf-dist/tex/latex/tcolorbox/tcbexternal.code.tex
Library (tcolorbox): 'tcbexternal.code.tex' version '6.2.0'
) (/usr/local/texlive/2024/texmf-dist/tex/latex/tcolorbox/tcbmagazine.code.tex
Library (tcolorbox): 'tcbmagazine.code.tex' version '6.2.0'
) (/usr/local/texlive/2024/texmf-dist/tex/latex/tcolorbox/tcbvignette.code.tex
Library (tcolorbox): 'tcbvignette.code.tex' version '6.2.0'

(/usr/local/texlive/2024/texmf-dist/tex/generic/pgf/frontendlayer/tikz/librarie
s/tikzlibraryfadings.code.tex
(/usr/local/texlive/2024/texmf-dist/tex/generic/pgf/libraries/pgflibraryfadings
.code.tex)))
(/usr/local/texlive/2024/texmf-dist/tex/latex/tcolorbox/tcbposter.code.tex
Library (tcolorbox): 'tcbposter.code.tex' version '6.2.0'
)) (/usr/local/texlive/2024/texmf-dist/tex/latex/blindtext/blindtext.sty
(/usr/local/texlive/2024/texmf-dist/tex/latex/tools/xspace.sty))
(/usr/local/texlive/2024/texmf-dist/tex/latex/lm/t1lmss.fd)
(./monthly_calendar.aux)
(/usr/local/texlive/2024/texmf-dist/tex/latex/base/ts1cmr.fd)
*geometry* driver: auto-detecting
*geometry* detected driver: xetex
(./phases.tex (/usr/local/texlive/2024/texmf-dist/tex/latex/lm/ot1lmr.fd)
(/usr/local/texlive/2024/texmf-dist/tex/latex/lm/omllmm.fd)
(/usr/local/texlive/2024/texmf-dist/tex/latex/lm/omslmsy.fd)
(/usr/local/texlive/2024/texmf-dist/tex/latex/lm/omxlmex.fd)
(/usr/local/texlive/2024/texmf-dist/tex/latex/amsfonts/umsa.fd)
(/usr/local/texlive/2024/texmf-dist/tex/latex/amsfonts/umsb.fd)
./phases.tex:52: Missing } inserted.
<inserted text> 
                }
l.52 \end{tabularx}
                   

Overfull \vbox (18.61497pt too high) detected at line 52
./phases.tex:52: Extra }, or forgotten \endgroup.
\multirow@vbox ...\if #1b\relax \else \vfill \fi }
                                                  
l.52 \end{tabularx}
                   
./phases.tex:52: Missing } inserted.
<inserted text> 
                }
l.52 \end{tabularx}
                   

Overfull \vbox (18.61497pt too high) detected at line 52
./phases.tex:52: Extra }, or forgotten \endgroup.
\multirow@vbox ...\if #1b\relax \else \vfill \fi }
                                                  
l.52 \end{tabularx}
                   
./phases.tex:52: Missing } inserted.
<inserted text> 
                }
l.52 \end{tabularx}
                   

Overfull \vbox (18.61497pt too high) detected at line 52
./phases.tex:52: Extra }, or forgotten \endgroup.
\multirow@vbox ...\if #1b\relax \else \vfill \fi }
                                                  
l.52 \end{tabularx}
                   
./phases.tex:52: Missing } inserted.
<inserted text> 
                }
l.52 \end{tabularx}
                   

Overfull \vbox (18.61497pt too high) detected at line 52
./phases.tex:52: Extra }, or forgotten \endgroup.
\multirow@vbox ...\if #1b\relax \else \vfill \fi }
                                                  
l.52 \end{tabularx}
                   
./phases.tex:52: Missing } inserted.
<inserted text> 
                }
l.52 \end{tabularx}
                   

Overfull \vbox (18.61497pt too high) detected at line 52
./phases.tex:52: Extra }, or forgotten \endgroup.
\multirow@vbox ...\if #1b\relax \else \vfill \fi }
                                                  
l.52 \end{tabularx}
                   
./phases.tex:52: Missing } inserted.
<inserted text> 
                }
l.52 \end{tabularx}
                   

Overfull \vbox (18.61497pt too high) detected at line 52
./phases.tex:52: Extra }, or forgotten \endgroup.
\multirow@vbox ...\if #1b\relax \else \vfill \fi }
                                                  
l.52 \end{tabularx}
                   
./phases.tex:52: Missing } inserted.
<inserted text> 
                }
l.52 \end{tabularx}
                   

Overfull \vbox (18.61497pt too high) detected at line 52
./phases.tex:52: Extra }, or forgotten \endgroup.
\multirow@vbox ...\if #1b\relax \else \vfill \fi }
                                                  
l.52 \end{tabularx}
                   
./phases.tex:52: Missing } inserted.
<inserted text> 
                }
l.52 \end{tabularx}
                   

Overfull \vbox (18.61497pt too high) detected at line 52
./phases.tex:52: Extra }, or forgotten \endgroup.
\multirow@vbox ...\if #1b\relax \else \vfill \fi }
                                                  
l.52 \end{tabularx}
                   
./phases.tex:52: Missing } inserted.
<inserted text> 
                }
l.52 \end{tabularx}
                   

Overfull \vbox (18.61497pt too high) detected at line 52
./phases.tex:52: Extra }, or forgotten \endgroup.
\multirow@vbox ...\if #1b\relax \else \vfill \fi }
                                                  
l.52 \end{tabularx}
                   
./phases.tex:52: Missing } inserted.
<inserted text> 
                }
l.52 \end{tabularx}
                   

Overfull \vbox (18.61497pt too high) detected at line 52
./phases.tex:52: Extra }, or forgotten \endgroup.
\multirow@vbox ...\if #1b\relax \else \vfill \fi }
                                                  
l.52 \end{tabularx}
                   
./phases.tex:52: Missing } inserted.
<inserted text> 
                }
l.52 \end{tabularx}
                   

Overfull \vbox (18.61497pt too high) detected at line 52
./phases.tex:52: Extra }, or forgotten \endgroup.
\multirow@vbox ...\if #1b\relax \else \vfill \fi }
                                                  
l.52 \end{tabularx}
                   
./phases.tex:52: Missing } inserted.
<inserted text> 
                }
l.52 \end{tabularx}
                   

Overfull \vbox (18.61497pt too high) detected at line 52
./phases.tex:52: Extra }, or forgotten \endgroup.
\multirow@vbox ...\if #1b\relax \else \vfill \fi }
                                                  
l.52 \end{tabularx}
                   
./phases.tex:52: Missing } inserted.
<inserted text> 
                }
l.52 \end{tabularx}
                   

Overfull \vbox (18.61497pt too high) detected at line 52
./phases.tex:52: Extra }, or forgotten \endgroup.
\multirow@vbox ...\if #1b\relax \else \vfill \fi }
                                                  
l.52 \end{tabularx}
                   
./phases.tex:52: Missing } inserted.
<inserted text> 
                }
l.52 \end{tabularx}
                   

Overfull \vbox (18.61497pt too high) detected at line 52
./phases.tex:52: Extra }, or forgotten \endgroup.
\multirow@vbox ...\if #1b\relax \else \vfill \fi }
                                                  
l.52 \end{tabularx}
                   
./phases.tex:52: Missing } inserted.
<inserted text> 
                }
l.52 \end{tabularx}
                   

Overfull \vbox (18.61497pt too high) detected at line 52
./phases.tex:52: Extra }, or forgotten \endgroup.
\multirow@vbox ...\if #1b\relax \else \vfill \fi }
                                                  
l.52 \end{tabularx}
                   
./phases.tex:52: Missing } inserted.
<inserted text> 
                }
l.52 \end{tabularx}
                   

Overfull \vbox (18.61497pt too high) detected at line 52
./phases.tex:52: Extra }, or forgotten \endgroup.
\multirow@vbox ...\if #1b\relax \else \vfill \fi }
                                                  
l.52 \end{tabularx}
                   
./phases.tex:52: Missing } inserted.
<inserted text> 
                }
l.52 \end{tabularx}
                   

Overfull \vbox (18.61497pt too high) detected at line 52
./phases.tex:52: Extra }, or forgotten \endgroup.
\multirow@vbox ...\if #1b\relax \else \vfill \fi }
                                                  
l.52 \end{tabularx}
                   
./phases.tex:52: Missing } inserted.
<inserted text> 
                }
l.52 \end{tabularx}
                   

Overfull \vbox (18.61497pt too high) detected at line 52
./phases.tex:52: Extra }, or forgotten \endgroup.
\multirow@vbox ...\if #1b\relax \else \vfill \fi }
                                                  
l.52 \end{tabularx}
                   
./phases.tex:52: Missing } inserted.
<inserted text> 
                }
l.52 \end{tabularx}
                   

Overfull \vbox (18.61497pt too high) detected at line 52
./phases.tex:52: Extra }, or forgotten \endgroup.
\multirow@vbox ...\if #1b\relax \else \vfill \fi }
                                                  
l.52 \end{tabularx}
                   
./phases.tex:52: Missing } inserted.
<inserted text> 
                }
l.52 \end{tabularx}
                   

Overfull \vbox (18.61497pt too high) detected at line 52
./phases.tex:52: Extra }, or forgotten \endgroup.
\multirow@vbox ...\if #1b\relax \else \vfill \fi }
                                                  
l.52 \end{tabularx}
                   
./phases.tex:52: Missing } inserted.
<inserted text> 
                }
l.52 \end{tabularx}
                   

Overfull \vbox (18.61497pt too high) detected at line 52
./phases.tex:52: Extra }, or forgotten \endgroup.
\multirow@vbox ...\if #1b\relax \else \vfill \fi }
                                                  
l.52 \end{tabularx}
                   
./phases.tex:52: Missing } inserted.
<inserted text> 
                }
l.52 \end{tabularx}
                   

Overfull \vbox (18.61497pt too high) detected at line 52
./phases.tex:52: Extra }, or forgotten \endgroup.
\multirow@vbox ...\if #1b\relax \else \vfill \fi }
                                                  
l.52 \end{tabularx}
                   
./phases.tex:52: Missing } inserted.
<inserted text> 
                }
l.52 \end{tabularx}
                   

Overfull \vbox (18.61497pt too high) detected at line 52
./phases.tex:52: Extra }, or forgotten \endgroup.
\multirow@vbox ...\if #1b\relax \else \vfill \fi }
                                                  
l.52 \end{tabularx}
                   
./phases.tex:52: Missing } inserted.
<inserted text> 
                }
l.52 \end{tabularx}
                   

Overfull \vbox (18.61497pt too high) detected at line 52
./phases.tex:52: Extra }, or forgotten \endgroup.
\multirow@vbox ...\if #1b\relax \else \vfill \fi }
                                                  
l.52 \end{tabularx}
                   
./phases.tex:52: Missing } inserted.
<inserted text> 
                }
l.52 \end{tabularx}
                   

Overfull \vbox (18.61497pt too high) detected at line 52
./phases.tex:52: Extra }, or forgotten \endgroup.
\multirow@vbox ...\if #1b\relax \else \vfill \fi }
                                                  
l.52 \end{tabularx}
                   
./phases.tex:52: Missing } inserted.
<inserted text> 
                }
l.52 \end{tabularx}
                   

Overfull \vbox (18.61497pt too high) detected at line 52
./phases.tex:52: Extra }, or forgotten \endgroup.
\multirow@vbox ...\if #1b\relax \else \vfill \fi }
                                                  
l.52 \end{tabularx}
                   
./phases.tex:52: Missing } inserted.
<inserted text> 
                }
l.52 \end{tabularx}
                   

Overfull \vbox (18.61497pt too high) detected at line 52
./phases.tex:52: Extra }, or forgotten \endgroup.
\multirow@vbox ...\if #1b\relax \else \vfill \fi }
                                                  
l.52 \end{tabularx}
                   
./phases.tex:52: Missing } inserted.
<inserted text> 
                }
l.52 \end{tabularx}
                   

Overfull \vbox (18.61497pt too high) detected at line 52
./phases.tex:52: Extra }, or forgotten \endgroup.
\multirow@vbox ...\if #1b\relax \else \vfill \fi }
                                                  
l.52 \end{tabularx}
                   
./phases.tex:52: Missing } inserted.
<inserted text> 
                }
l.52 \end{tabularx}
                   

Overfull \vbox (18.61497pt too high) detected at line 52
./phases.tex:52: Extra }, or forgotten \endgroup.
\multirow@vbox ...\if #1b\relax \else \vfill \fi }
                                                  
l.52 \end{tabularx}
                   
./phases.tex:52: Missing } inserted.
<inserted text> 
                }
l.52 \end{tabularx}
                   

Overfull \vbox (18.61497pt too high) detected at line 52
./phases.tex:52: Extra }, or forgotten \endgroup.
\multirow@vbox ...\if #1b\relax \else \vfill \fi }
                                                  
l.52 \end{tabularx}
                   
./phases.tex:52: Missing } inserted.
<inserted text> 
                }
l.52 \end{tabularx}
                   

Overfull \vbox (18.61497pt too high) detected at line 52
./phases.tex:52: Extra }, or forgotten \endgroup.
\multirow@vbox ...\if #1b\relax \else \vfill \fi }
                                                  
l.52 \end{tabularx}
                   
./phases.tex:52: Missing } inserted.
<inserted text> 
                }
l.52 \end{tabularx}
                   

Overfull \vbox (18.61497pt too high) detected at line 52
./phases.tex:52: Extra }, or forgotten \endgroup.
\multirow@vbox ...\if #1b\relax \else \vfill \fi }
                                                  
l.52 \end{tabularx}
                   
./phases.tex:52: Missing } inserted.
<inserted text> 
                }
l.52 \end{tabularx}
                   

Overfull \vbox (18.61497pt too high) detected at line 52
./phases.tex:52: Extra }, or forgotten \endgroup.
\multirow@vbox ...\if #1b\relax \else \vfill \fi }
                                                  
l.52 \end{tabularx}
                   
./phases.tex:52: Missing } inserted.
<inserted text> 
                }
l.52 \end{tabularx}
                   

Overfull \vbox (18.61497pt too high) detected at line 52
./phases.tex:52: Extra }, or forgotten \endgroup.
\multirow@vbox ...\if #1b\relax \else \vfill \fi }
                                                  
l.52 \end{tabularx}
                   
./phases.tex:52: Missing } inserted.
<inserted text> 
                }
l.52 \end{tabularx}
                   

Overfull \vbox (18.61497pt too high) detected at line 52
./phases.tex:52: Extra }, or forgotten \endgroup.
\multirow@vbox ...\if #1b\relax \else \vfill \fi }
                                                  
l.52 \end{tabularx}
                   
./phases.tex:52: Missing } inserted.
<inserted text> 
                }
l.52 \end{tabularx}
                   

Overfull \vbox (18.61497pt too high) detected at line 52
./phases.tex:52: Extra }, or forgotten \endgroup.
\multirow@vbox ...\if #1b\relax \else \vfill \fi }
                                                  
l.52 \end{tabularx}
                   
./phases.tex:52: Missing } inserted.
<inserted text> 
                }
l.52 \end{tabularx}
                   

Overfull \vbox (18.61497pt too high) detected at line 52
./phases.tex:52: Extra }, or forgotten \endgroup.
\multirow@vbox ...\if #1b\relax \else \vfill \fi }
                                                  
l.52 \end{tabularx}
                   
./phases.tex:52: Missing } inserted.
<inserted text> 
                }
l.52 \end{tabularx}
                   

Overfull \vbox (18.61497pt too high) detected at line 52
./phases.tex:52: Extra }, or forgotten \endgroup.
\multirow@vbox ...\if #1b\relax \else \vfill \fi }
                                                  
l.52 \end{tabularx}
                   
./phases.tex:52: Missing } inserted.
<inserted text> 
                }
l.52 \end{tabularx}
                   

Overfull \vbox (18.61497pt too high) detected at line 52
./phases.tex:52: Extra }, or forgotten \endgroup.
\multirow@vbox ...\if #1b\relax \else \vfill \fi }
                                                  
l.52 \end{tabularx}
                   

Underfull \hbox (badness 2538) in paragraph at lines 52--52
[]| \T1/lmss/m/n/9 Stroke model es-tab-lish-ment, lon-gi-tu-di-nal
./phases.tex:52: Missing } inserted.
<inserted text> 
                }
l.52 \end{tabularx}
                   

Overfull \vbox (18.61497pt too high) detected at line 52
./phases.tex:52: Extra }, or forgotten \endgroup.
\multirow@vbox ...\if #1b\relax \else \vfill \fi }
                                                  
l.52 \end{tabularx}
                   
./phases.tex:52: Missing } inserted.
<inserted text> 
                }
l.52 \end{tabularx}
                   

Overfull \vbox (18.61497pt too high) detected at line 52
./phases.tex:52: Extra }, or forgotten \endgroup.
\multirow@vbox ...\if #1b\relax \else \vfill \fi }
                                                  
l.52 \end{tabularx}
                   
./phases.tex:52: Missing } inserted.
<inserted text> 
                }
l.52 \end{tabularx}
                   

Overfull \vbox (18.61497pt too high) detected at line 52
./phases.tex:52: Extra }, or forgotten \endgroup.
\multirow@vbox ...\if #1b\relax \else \vfill \fi }
                                                  
l.52 \end{tabularx}
                   
./phases.tex:52: Missing } inserted.
<inserted text> 
                }
l.52 \end{tabularx}
                   

Overfull \vbox (18.61497pt too high) detected at line 52
./phases.tex:52: Extra }, or forgotten \endgroup.
\multirow@vbox ...\if #1b\relax \else \vfill \fi }
                                                  
l.52 \end{tabularx}
                   

Underfull \hbox (badness 10000) in paragraph at lines 52--52
[]| \T1/lmss/m/n/9 Con-fer-ence pre-sen-ta-tions and re-search
./phases.tex:52: Missing } inserted.
<inserted text> 
                }
l.52 \end{tabularx}
                   

Overfull \vbox (18.61497pt too high) detected at line 52
./phases.tex:52: Extra }, or forgotten \endgroup.
\multirow@vbox ...\if #1b\relax \else \vfill \fi }
                                                  
l.52 \end{tabularx}
                   
./phases.tex:52: Missing } inserted.
<inserted text> 
                }
l.52 \end{tabularx}
                   

Overfull \vbox (18.61497pt too high) detected at line 52
./phases.tex:52: Extra }, or forgotten \endgroup.
\multirow@vbox ...\if #1b\relax \else \vfill \fi }
                                                  
l.52 \end{tabularx}
                   
./phases.tex:52: Missing } inserted.
<inserted text> 
                }
l.52 \end{tabularx}
                   

Overfull \vbox (18.61497pt too high) detected at line 52
./phases.tex:52: Extra }, or forgotten \endgroup.
\multirow@vbox ...\if #1b\relax \else \vfill \fi }
                                                  
l.52 \end{tabularx}
                   
./phases.tex:52: Missing } inserted.
<inserted text> 
                }
l.52 \end{tabularx}
                   

Overfull \vbox (18.61497pt too high) detected at line 52
./phases.tex:52: Extra }, or forgotten \endgroup.
\multirow@vbox ...\if #1b\relax \else \vfill \fi }
                                                  
l.52 \end{tabularx}
                   
./phases.tex:52: Missing } inserted.
<inserted text> 
                }
l.52 \end{tabularx}
                   

Overfull \vbox (18.61497pt too high) detected at line 52
./phases.tex:52: Extra }, or forgotten \endgroup.
\multirow@vbox ...\if #1b\relax \else \vfill \fi }
                                                  
l.52 \end{tabularx}
                   
[1]) (./monthly.tex
Overfull \hbox (113.76016pt too wide) in paragraph at lines 259--259
[]|[][][] 

Underfull \hbox (badness 10000) in paragraph at lines 259--262

[2]
Overfull \hbox (341.28049pt too wide) in paragraph at lines 521--521
[]|[][][] 

Overfull \hbox (284.4004pt too wide) in paragraph at lines 521--521
[]|[][][] 

Overfull \hbox (227.52032pt too wide) in paragraph at lines 521--521
[]|[][][] 

Overfull \hbox (170.64024pt too wide) in paragraph at lines 521--521
[]|[][][] 

Overfull \hbox (113.76016pt too wide) in paragraph at lines 521--521
[]|[][][] 

Overfull \hbox (56.88008pt too wide) in paragraph at lines 521--521
[]|[][][] 

Overfull \hbox (341.28049pt too wide) in paragraph at lines 521--521
[]|[][][] 

Overfull \hbox (284.4004pt too wide) in paragraph at lines 521--521
[]|[][][] 

Overfull \hbox (227.52032pt too wide) in paragraph at lines 521--521
[]|[][][] 

Overfull \hbox (56.88008pt too wide) in paragraph at lines 521--521
[]|[][][] 

Overfull \hbox (341.28049pt too wide) in paragraph at lines 521--521
[]|[][][] 

Overfull \hbox (113.76016pt too wide) in paragraph at lines 521--521
[]|[][][] 

Underfull \hbox (badness 10000) in paragraph at lines 521--524

[3]
Overfull \hbox (227.52032pt too wide) in paragraph at lines 785--785
[]|[][][] 

Overfull \hbox (284.4004pt too wide) in paragraph at lines 785--785
[]|[][][] 

Overfull \hbox (227.52032pt too wide) in paragraph at lines 785--785
[]|[][][] 

Overfull \hbox (284.4004pt too wide) in paragraph at lines 785--785
[]|[][][] 

Overfull \hbox (227.52032pt too wide) in paragraph at lines 785--785
[]|[][][] 

Overfull \hbox (284.4004pt too wide) in paragraph at lines 785--785
[]|[][][] 

Overfull \hbox (284.4004pt too wide) in paragraph at lines 785--785
[]|[][][] 

Underfull \hbox (badness 10000) in paragraph at lines 785--788

[4]
Overfull \hbox (284.4004pt too wide) in paragraph at lines 1047--1047
[]|[][][] 

Overfull \hbox (227.52032pt too wide) in paragraph at lines 1047--1047
[]|[][][] 

Overfull \hbox (113.76016pt too wide) in paragraph at lines 1047--1047
[]|[][][] 

Underfull \hbox (badness 10000) in paragraph at lines 1047--1050

[5]
Overfull \hbox (341.28049pt too wide) in paragraph at lines 1311--1311
[]|[][][] 

Overfull \hbox (341.28049pt too wide) in paragraph at lines 1311--1311
[]|[][][] 

Overfull \hbox (170.64024pt too wide) in paragraph at lines 1311--1311
[]|[][][] 

Overfull \hbox (113.76016pt too wide) in paragraph at lines 1311--1311
[]|[][][] 

Overfull \hbox (56.88008pt too wide) in paragraph at lines 1311--1311
[]|[][][] 

Overfull \hbox (284.4004pt too wide) in paragraph at lines 1311--1311
[]|[][][] 

Underfull \hbox (badness 10000) in paragraph at lines 1311--1314

[6]
Overfull \hbox (170.64024pt too wide) in paragraph at lines 1575--1575
[]|[][][] 

Underfull \hbox (badness 10000) in paragraph at lines 1575--1578

[7]
Overfull \hbox (113.76016pt too wide) in paragraph at lines 1833--1833
[]|[][][] 

Underfull \hbox (badness 10000) in paragraph at lines 1833--1836

[8]
Overfull \hbox (56.88008pt too wide) in paragraph at lines 2132--2132
[]|[][][] 

Underfull \hbox (badness 10000) in paragraph at lines 2132--2135

[9]
Overfull \hbox (227.52032pt too wide) in paragraph at lines 2394--2394
[]|[][][] 

Overfull \hbox (170.64024pt too wide) in paragraph at lines 2394--2394
[]|[][][] 

Overfull \hbox (284.4004pt too wide) in paragraph at lines 2394--2394
[]|[][][] 

Underfull \hbox (badness 10000) in paragraph at lines 2394--2397

[10]
Overfull \hbox (113.76016pt too wide) in paragraph at lines 2658--2658
[]|[][][] 

Overfull \hbox (341.28049pt too wide) in paragraph at lines 2658--2658
[]|[][][] 

Overfull \hbox (56.88008pt too wide) in paragraph at lines 2658--2658
[]|[][][] 

Overfull \hbox (170.64024pt too wide) in paragraph at lines 2658--2658
[]|[][][] 

Underfull \hbox (badness 10000) in paragraph at lines 2658--2661

[11]
Overfull \hbox (170.64024pt too wide) in paragraph at lines 2920--2920
[]|[][][] 

Overfull \hbox (113.76016pt too wide) in paragraph at lines 2920--2920
[]|[][][] 

Underfull \hbox (badness 10000) in paragraph at lines 2920--2923

[12]
Overfull \hbox (227.52032pt too wide) in paragraph at lines 3184--3184
[]|[][][] 

Overfull \hbox (227.52032pt too wide) in paragraph at lines 3184--3184
[]|[][][] 

Overfull \hbox (284.4004pt too wide) in paragraph at lines 3184--3184
[]|[][][] 

Overfull \hbox (56.88008pt too wide) in paragraph at lines 3184--3184
[]|[][][] 

Overfull \hbox (284.4004pt too wide) in paragraph at lines 3184--3184
[]|[][][] 

Underfull \hbox (badness 10000) in paragraph at lines 3184--3187

[13]
Overfull \hbox (56.88008pt too wide) in paragraph at lines 3483--3483
[]|[][][] 

Overfull \hbox (284.4004pt too wide) in paragraph at lines 3483--3483
[]|[][][] 

Overfull \hbox (284.4004pt too wide) in paragraph at lines 3483--3483
[]|[][][] 

Overfull \hbox (227.52032pt too wide) in paragraph at lines 3483--3483
[]|[][][] 

Underfull \hbox (badness 10000) in paragraph at lines 3483--3486

[14]
Overfull \hbox (284.4004pt too wide) in paragraph at lines 3745--3745
[]|[][][] 

Overfull \hbox (227.52032pt too wide) in paragraph at lines 3745--3745
[]|[][][] 

Overfull \hbox (341.28049pt too wide) in paragraph at lines 3745--3745
[]|[][][] 

Overfull \hbox (56.88008pt too wide) in paragraph at lines 3745--3745
[]|[][][] 

Underfull \hbox (badness 10000) in paragraph at lines 3745--3748

[15]
Overfull \hbox (170.64024pt too wide) in paragraph at lines 4009--4009
[]|[][][] 

Overfull \hbox (341.28049pt too wide) in paragraph at lines 4009--4009
[]|[][][] 

Underfull \hbox (badness 10000) in paragraph at lines 4009--4012

[16]
Overfull \hbox (227.52032pt too wide) in paragraph at lines 4306--4306
[]|[][][] 

Underfull \hbox (badness 10000) in paragraph at lines 4306--4309

[17]
Overfull \hbox (170.64024pt too wide) in paragraph at lines 4570--4570
[]|[][][] 

Overfull \hbox (56.88008pt too wide) in paragraph at lines 4570--4570
[]|[][][] 

Overfull \hbox (284.4004pt too wide) in paragraph at lines 4570--4570
[]|[][][] 

Overfull \hbox (2.65956pt too wide) in paragraph at lines 4570--4570
\T1/lmss/bx/n/8 manuscripts 

Overfull \hbox (2.65956pt too wide) in paragraph at lines 4570--4570
\T1/lmss/bx/n/8 manuscripts 

Underfull \hbox (badness 10000) in paragraph at lines 4570--4573

[18] [19]
Overfull \hbox (113.76016pt too wide) in paragraph at lines 4834--4834
[]|[][][] 

Underfull \hbox (badness 10000) in paragraph at lines 4834--4837

[20]
Overfull \hbox (227.52032pt too wide) in paragraph at lines 5057--5057
[]|[][][] 

Overfull \hbox (284.4004pt too wide) in paragraph at lines 5057--5057
[]|[][][] 

Underfull \hbox (badness 10000) in paragraph at lines 5057--5060

[21]
Overfull \hbox (284.4004pt too wide) in paragraph at lines 5321--5321
[]|[][][] 

Underfull \hbox (badness 10000) in paragraph at lines 5321--5324

[22]
Overfull \hbox (170.64024pt too wide) in paragraph at lines 5583--5583
[]|[][][] 

Overfull \hbox (113.76016pt too wide) in paragraph at lines 5583--5583
[]|[][][] 

Underfull \hbox (badness 10000) in paragraph at lines 5583--5586

[23]
Overfull \hbox (341.28049pt too wide) in paragraph at lines 5882--5882
[]|[][][] 

Underfull \hbox (badness 10000) in paragraph at lines 5882--5885

[24]
Overfull \hbox (284.4004pt too wide) in paragraph at lines 6144--6144
[]|[][][] 

Overfull \hbox (56.88008pt too wide) in paragraph at lines 6144--6144
[]|[][][] 

Overfull \hbox (2.95929pt too wide) in paragraph at lines 6144--6144
[]\T1/lmss/bx/n/8 Dissertation 

Overfull \hbox (2.95929pt too wide) in paragraph at lines 6144--6144
[]\T1/lmss/bx/n/8 Dissertation 

Underfull \hbox (badness 10000) in paragraph at lines 6144--6147

[25]
Overfull \hbox (170.64024pt too wide) in paragraph at lines 6408--6408
[]|[][][] 

Overfull \hbox (113.76016pt too wide) in paragraph at lines 6408--6408
[]|[][][] 

Overfull \hbox (56.88008pt too wide) in paragraph at lines 6408--6408
[]|[][][] 

Overfull \hbox (227.52032pt too wide) in paragraph at lines 6408--6408
[]|[][][] 

Underfull \hbox (badness 10000) in paragraph at lines 6408--6411

[26]
Overfull \hbox (170.64024pt too wide) in paragraph at lines 6707--6707
[]|[][][] 

Underfull \hbox (badness 10000) in paragraph at lines 6707--6710

[27]
Underfull \hbox (badness 10000) in paragraph at lines 6969--6972

[28]
Underfull \hbox (badness 10000) in paragraph at lines 7233--7236

[29]
Underfull \hbox (badness 10000) in paragraph at lines 7495--7498

[30]
Underfull \hbox (badness 10000) in paragraph at lines 7759--7762

) [31]
./monthly_calendar.tex:250: I can't find file `monthly_calendar.aux'.
\enddocument ...keatletter \@@input \jobname .aux 
                                                  \fi \UseOneTimeHook {enddo...
l.250 \end{document}
                    
(Press Enter to retry, or Control-D to exit)
Please type another input file name
./monthly_calendar.tex:250: Emergency stop.
\enddocument ...keatletter \@@input \jobname .aux 
                                                  \fi \UseOneTimeHook {enddo...
l.250 \end{document}
                    
Output written on monthly_calendar.pdf (31 pages).
Transcript written on monthly_calendar.log.
 
                }
l.52 \end{tabularx}
                   
I've inserted something that you may have forgotten.
(See the <inserted text> above.)
With luck, this will get me unwedged. But if you
really didn't forget anything, try typing `2' now; then
my insertion and my current dilemma will both disappear.


Overfull \vbox (18.61497pt too high) detected at line 52
 []

./phases.tex:52: Extra }, or forgotten \endgroup.
\multirow@vbox ...\if #1b\relax \else \vfill \fi }
                                                  
l.52 \end{tabularx}
                   
I've deleted a group-closing symbol because it seems to be
spurious, as in `$x}$'. But perhaps the } is legitimate and
you forgot something else, as in `\hbox{$x}'. In such cases
the way to recover is to insert both the forgotten and the
deleted material, e.g., by typing `I$}'.

./phases.tex:52: Missing } inserted.
<inserted text> 
                }
l.52 \end{tabularx}
                   
I've inserted something that you may have forgotten.
(See the <inserted text> above.)
With luck, this will get me unwedged. But if you
really didn't forget anything, try typing `2' now; then
my insertion and my current dilemma will both disappear.


Overfull \vbox (18.61497pt too high) detected at line 52
 []

./phases.tex:52: Extra }, or forgotten \endgroup.
\multirow@vbox ...\if #1b\relax \else \vfill \fi }
                                                  
l.52 \end{tabularx}
                   
I've deleted a group-closing symbol because it seems to be
spurious, as in `$x}$'. But perhaps the } is legitimate and
you forgot something else, as in `\hbox{$x}'. In such cases
the way to recover is to insert both the forgotten and the
deleted material, e.g., by typing `I$}'.

./phases.tex:52: Missing } inserted.
<inserted text> 
                }
l.52 \end{tabularx}
                   
I've inserted something that you may have forgotten.
(See the <inserted text> above.)
With luck, this will get me unwedged. But if you
really didn't forget anything, try typing `2' now; then
my insertion and my current dilemma will both disappear.


Overfull \vbox (18.61497pt too high) detected at line 52
 []

./phases.tex:52: Extra }, or forgotten \endgroup.
\multirow@vbox ...\if #1b\relax \else \vfill \fi }
                                                  
l.52 \end{tabularx}
                   
I've deleted a group-closing symbol because it seems to be
spurious, as in `$x}$'. But perhaps the } is legitimate and
you forgot something else, as in `\hbox{$x}'. In such cases
the way to recover is to insert both the forgotten and the
deleted material, e.g., by typing `I$}'.

./phases.tex:52: Missing } inserted.
<inserted text> 
                }
l.52 \end{tabularx}
                   
I've inserted something that you may have forgotten.
(See the <inserted text> above.)
With luck, this will get me unwedged. But if you
really didn't forget anything, try typing `2' now; then
my insertion and my current dilemma will both disappear.


Overfull \vbox (18.61497pt too high) detected at line 52
 []

./phases.tex:52: Extra }, or forgotten \endgroup.
\multirow@vbox ...\if #1b\relax \else \vfill \fi }
                                                  
l.52 \end{tabularx}
                   
I've deleted a group-closing symbol because it seems to be
spurious, as in `$x}$'. But perhaps the } is legitimate and
you forgot something else, as in `\hbox{$x}'. In such cases
the way to recover is to insert both the forgotten and the
deleted material, e.g., by typing `I$}'.

./phases.tex:52: Missing } inserted.
<inserted text> 
                }
l.52 \end{tabularx}
                   
I've inserted something that you may have forgotten.
(See the <inserted text> above.)
With luck, this will get me unwedged. But if you
really didn't forget anything, try typing `2' now; then
my insertion and my current dilemma will both disappear.


Overfull \vbox (18.61497pt too high) detected at line 52
 []

./phases.tex:52: Extra }, or forgotten \endgroup.
\multirow@vbox ...\if #1b\relax \else \vfill \fi }
                                                  
l.52 \end{tabularx}
                   
I've deleted a group-closing symbol because it seems to be
spurious, as in `$x}$'. But perhaps the } is legitimate and
you forgot something else, as in `\hbox{$x}'. In such cases
the way to recover is to insert both the forgotten and the
deleted material, e.g., by typing `I$}'.

./phases.tex:52: Missing } inserted.
<inserted text> 
                }
l.52 \end{tabularx}
                   
I've inserted something that you may have forgotten.
(See the <inserted text> above.)
With luck, this will get me unwedged. But if you
really didn't forget anything, try typing `2' now; then
my insertion and my current dilemma will both disappear.


Overfull \vbox (18.61497pt too high) detected at line 52
 []

./phases.tex:52: Extra }, or forgotten \endgroup.
\multirow@vbox ...\if #1b\relax \else \vfill \fi }
                                                  
l.52 \end{tabularx}
                   
I've deleted a group-closing symbol because it seems to be
spurious, as in `$x}$'. But perhaps the } is legitimate and
you forgot something else, as in `\hbox{$x}'. In such cases
the way to recover is to insert both the forgotten and the
deleted material, e.g., by typing `I$}'.

./phases.tex:52: Missing } inserted.
<inserted text> 
                }
l.52 \end{tabularx}
                   
I've inserted something that you may have forgotten.
(See the <inserted text> above.)
With luck, this will get me unwedged. But if you
really didn't forget anything, try typing `2' now; then
my insertion and my current dilemma will both disappear.


Overfull \vbox (18.61497pt too high) detected at line 52
 []

./phases.tex:52: Extra }, or forgotten \endgroup.
\multirow@vbox ...\if #1b\relax \else \vfill \fi }
                                                  
l.52 \end{tabularx}
                   
I've deleted a group-closing symbol because it seems to be
spurious, as in `$x}$'. But perhaps the } is legitimate and
you forgot something else, as in `\hbox{$x}'. In such cases
the way to recover is to insert both the forgotten and the
deleted material, e.g., by typing `I$}'.

./phases.tex:52: Missing } inserted.
<inserted text> 
                }
l.52 \end{tabularx}
                   
I've inserted something that you may have forgotten.
(See the <inserted text> above.)
With luck, this will get me unwedged. But if you
really didn't forget anything, try typing `2' now; then
my insertion and my current dilemma will both disappear.


Overfull \vbox (18.61497pt too high) detected at line 52
 []

./phases.tex:52: Extra }, or forgotten \endgroup.
\multirow@vbox ...\if #1b\relax \else \vfill \fi }
                                                  
l.52 \end{tabularx}
                   
I've deleted a group-closing symbol because it seems to be
spurious, as in `$x}$'. But perhaps the } is legitimate and
you forgot something else, as in `\hbox{$x}'. In such cases
the way to recover is to insert both the forgotten and the
deleted material, e.g., by typing `I$}'.

./phases.tex:52: Missing } inserted.
<inserted text> 
                }
l.52 \end{tabularx}
                   
I've inserted something that you may have forgotten.
(See the <inserted text> above.)
With luck, this will get me unwedged. But if you
really didn't forget anything, try typing `2' now; then
my insertion and my current dilemma will both disappear.


Overfull \vbox (18.61497pt too high) detected at line 52
 []

./phases.tex:52: Extra }, or forgotten \endgroup.
\multirow@vbox ...\if #1b\relax \else \vfill \fi }
                                                  
l.52 \end{tabularx}
                   
I've deleted a group-closing symbol because it seems to be
spurious, as in `$x}$'. But perhaps the } is legitimate and
you forgot something else, as in `\hbox{$x}'. In such cases
the way to recover is to insert both the forgotten and the
deleted material, e.g., by typing `I$}'.

./phases.tex:52: Missing } inserted.
<inserted text> 
                }
l.52 \end{tabularx}
                   
I've inserted something that you may have forgotten.
(See the <inserted text> above.)
With luck, this will get me unwedged. But if you
really didn't forget anything, try typing `2' now; then
my insertion and my current dilemma will both disappear.


Overfull \vbox (18.61497pt too high) detected at line 52
 []

./phases.tex:52: Extra }, or forgotten \endgroup.
\multirow@vbox ...\if #1b\relax \else \vfill \fi }
                                                  
l.52 \end{tabularx}
                   
I've deleted a group-closing symbol because it seems to be
spurious, as in `$x}$'. But perhaps the } is legitimate and
you forgot something else, as in `\hbox{$x}'. In such cases
the way to recover is to insert both the forgotten and the
deleted material, e.g., by typing `I$}'.

./phases.tex:52: Missing } inserted.
<inserted text> 
                }
l.52 \end{tabularx}
                   
I've inserted something that you may have forgotten.
(See the <inserted text> above.)
With luck, this will get me unwedged. But if you
really didn't forget anything, try typing `2' now; then
my insertion and my current dilemma will both disappear.


Overfull \vbox (18.61497pt too high) detected at line 52
 []

./phases.tex:52: Extra }, or forgotten \endgroup.
\multirow@vbox ...\if #1b\relax \else \vfill \fi }
                                                  
l.52 \end{tabularx}
                   
I've deleted a group-closing symbol because it seems to be
spurious, as in `$x}$'. But perhaps the } is legitimate and
you forgot something else, as in `\hbox{$x}'. In such cases
the way to recover is to insert both the forgotten and the
deleted material, e.g., by typing `I$}'.

./phases.tex:52: Missing } inserted.
<inserted text> 
                }
l.52 \end{tabularx}
                   
I've inserted something that you may have forgotten.
(See the <inserted text> above.)
With luck, this will get me unwedged. But if you
really didn't forget anything, try typing `2' now; then
my insertion and my current dilemma will both disappear.


Overfull \vbox (18.61497pt too high) detected at line 52
 []

./phases.tex:52: Extra }, or forgotten \endgroup.
\multirow@vbox ...\if #1b\relax \else \vfill \fi }
                                                  
l.52 \end{tabularx}
                   
I've deleted a group-closing symbol because it seems to be
spurious, as in `$x}$'. But perhaps the } is legitimate and
you forgot something else, as in `\hbox{$x}'. In such cases
the way to recover is to insert both the forgotten and the
deleted material, e.g., by typing `I$}'.

./phases.tex:52: Missing } inserted.
<inserted text> 
                }
l.52 \end{tabularx}
                   
I've inserted something that you may have forgotten.
(See the <inserted text> above.)
With luck, this will get me unwedged. But if you
really didn't forget anything, try typing `2' now; then
my insertion and my current dilemma will both disappear.


Overfull \vbox (18.61497pt too high) detected at line 52
 []

./phases.tex:52: Extra }, or forgotten \endgroup.
\multirow@vbox ...\if #1b\relax \else \vfill \fi }
                                                  
l.52 \end{tabularx}
                   
I've deleted a group-closing symbol because it seems to be
spurious, as in `$x}$'. But perhaps the } is legitimate and
you forgot something else, as in `\hbox{$x}'. In such cases
the way to recover is to insert both the forgotten and the
deleted material, e.g., by typing `I$}'.

./phases.tex:52: Missing } inserted.
<inserted text> 
                }
l.52 \end{tabularx}
                   
I've inserted something that you may have forgotten.
(See the <inserted text> above.)
With luck, this will get me unwedged. But if you
really didn't forget anything, try typing `2' now; then
my insertion and my current dilemma will both disappear.


Overfull \vbox (18.61497pt too high) detected at line 52
 []

./phases.tex:52: Extra }, or forgotten \endgroup.
\multirow@vbox ...\if #1b\relax \else \vfill \fi }
                                                  
l.52 \end{tabularx}
                   
I've deleted a group-closing symbol because it seems to be
spurious, as in `$x}$'. But perhaps the } is legitimate and
you forgot something else, as in `\hbox{$x}'. In such cases
the way to recover is to insert both the forgotten and the
deleted material, e.g., by typing `I$}'.

./phases.tex:52: Missing } inserted.
<inserted text> 
                }
l.52 \end{tabularx}
                   
I've inserted something that you may have forgotten.
(See the <inserted text> above.)
With luck, this will get me unwedged. But if you
really didn't forget anything, try typing `2' now; then
my insertion and my current dilemma will both disappear.


Overfull \vbox (18.61497pt too high) detected at line 52
 []

./phases.tex:52: Extra }, or forgotten \endgroup.
\multirow@vbox ...\if #1b\relax \else \vfill \fi }
                                                  
l.52 \end{tabularx}
                   
I've deleted a group-closing symbol because it seems to be
spurious, as in `$x}$'. But perhaps the } is legitimate and
you forgot something else, as in `\hbox{$x}'. In such cases
the way to recover is to insert both the forgotten and the
deleted material, e.g., by typing `I$}'.

./phases.tex:52: Missing } inserted.
<inserted text> 
                }
l.52 \end{tabularx}
                   
I've inserted something that you may have forgotten.
(See the <inserted text> above.)
With luck, this will get me unwedged. But if you
really didn't forget anything, try typing `2' now; then
my insertion and my current dilemma will both disappear.


Overfull \vbox (18.61497pt too high) detected at line 52
 []

./phases.tex:52: Extra }, or forgotten \endgroup.
\multirow@vbox ...\if #1b\relax \else \vfill \fi }
                                                  
l.52 \end{tabularx}
                   
I've deleted a group-closing symbol because it seems to be
spurious, as in `$x}$'. But perhaps the } is legitimate and
you forgot something else, as in `\hbox{$x}'. In such cases
the way to recover is to insert both the forgotten and the
deleted material, e.g., by typing `I$}'.

./phases.tex:52: Missing } inserted.
<inserted text> 
                }
l.52 \end{tabularx}
                   
I've inserted something that you may have forgotten.
(See the <inserted text> above.)
With luck, this will get me unwedged. But if you
really didn't forget anything, try typing `2' now; then
my insertion and my current dilemma will both disappear.


Overfull \vbox (18.61497pt too high) detected at line 52
 []

./phases.tex:52: Extra }, or forgotten \endgroup.
\multirow@vbox ...\if #1b\relax \else \vfill \fi }
                                                  
l.52 \end{tabularx}
                   
I've deleted a group-closing symbol because it seems to be
spurious, as in `$x}$'. But perhaps the } is legitimate and
you forgot something else, as in `\hbox{$x}'. In such cases
the way to recover is to insert both the forgotten and the
deleted material, e.g., by typing `I$}'.

./phases.tex:52: Missing } inserted.
<inserted text> 
                }
l.52 \end{tabularx}
                   
I've inserted something that you may have forgotten.
(See the <inserted text> above.)
With luck, this will get me unwedged. But if you
really didn't forget anything, try typing `2' now; then
my insertion and my current dilemma will both disappear.


Overfull \vbox (18.61497pt too high) detected at line 52
 []

./phases.tex:52: Extra }, or forgotten \endgroup.
\multirow@vbox ...\if #1b\relax \else \vfill \fi }
                                                  
l.52 \end{tabularx}
                   
I've deleted a group-closing symbol because it seems to be
spurious, as in `$x}$'. But perhaps the } is legitimate and
you forgot something else, as in `\hbox{$x}'. In such cases
the way to recover is to insert both the forgotten and the
deleted material, e.g., by typing `I$}'.

./phases.tex:52: Missing } inserted.
<inserted text> 
                }
l.52 \end{tabularx}
                   
I've inserted something that you may have forgotten.
(See the <inserted text> above.)
With luck, this will get me unwedged. But if you
really didn't forget anything, try typing `2' now; then
my insertion and my current dilemma will both disappear.


Overfull \vbox (18.61497pt too high) detected at line 52
 []

./phases.tex:52: Extra }, or forgotten \endgroup.
\multirow@vbox ...\if #1b\relax \else \vfill \fi }
                                                  
l.52 \end{tabularx}
                   
I've deleted a group-closing symbol because it seems to be
spurious, as in `$x}$'. But perhaps the } is legitimate and
you forgot something else, as in `\hbox{$x}'. In such cases
the way to recover is to insert both the forgotten and the
deleted material, e.g., by typing `I$}'.

./phases.tex:52: Missing } inserted.
<inserted text> 
                }
l.52 \end{tabularx}
                   
I've inserted something that you may have forgotten.
(See the <inserted text> above.)
With luck, this will get me unwedged. But if you
really didn't forget anything, try typing `2' now; then
my insertion and my current dilemma will both disappear.


Overfull \vbox (18.61497pt too high) detected at line 52
 []

./phases.tex:52: Extra }, or forgotten \endgroup.
\multirow@vbox ...\if #1b\relax \else \vfill \fi }
                                                  
l.52 \end{tabularx}
                   
I've deleted a group-closing symbol because it seems to be
spurious, as in `$x}$'. But perhaps the } is legitimate and
you forgot something else, as in `\hbox{$x}'. In such cases
the way to recover is to insert both the forgotten and the
deleted material, e.g., by typing `I$}'.

./phases.tex:52: Missing } inserted.
<inserted text> 
                }
l.52 \end{tabularx}
                   
I've inserted something that you may have forgotten.
(See the <inserted text> above.)
With luck, this will get me unwedged. But if you
really didn't forget anything, try typing `2' now; then
my insertion and my current dilemma will both disappear.


Overfull \vbox (18.61497pt too high) detected at line 52
 []

./phases.tex:52: Extra }, or forgotten \endgroup.
\multirow@vbox ...\if #1b\relax \else \vfill \fi }
                                                  
l.52 \end{tabularx}
                   
I've deleted a group-closing symbol because it seems to be
spurious, as in `$x}$'. But perhaps the } is legitimate and
you forgot something else, as in `\hbox{$x}'. In such cases
the way to recover is to insert both the forgotten and the
deleted material, e.g., by typing `I$}'.

./phases.tex:52: Missing } inserted.
<inserted text> 
                }
l.52 \end{tabularx}
                   
I've inserted something that you may have forgotten.
(See the <inserted text> above.)
With luck, this will get me unwedged. But if you
really didn't forget anything, try typing `2' now; then
my insertion and my current dilemma will both disappear.


Overfull \vbox (18.61497pt too high) detected at line 52
 []

./phases.tex:52: Extra }, or forgotten \endgroup.
\multirow@vbox ...\if #1b\relax \else \vfill \fi }
                                                  
l.52 \end{tabularx}
                   
I've deleted a group-closing symbol because it seems to be
spurious, as in `$x}$'. But perhaps the } is legitimate and
you forgot something else, as in `\hbox{$x}'. In such cases
the way to recover is to insert both the forgotten and the
deleted material, e.g., by typing `I$}'.

./phases.tex:52: Missing } inserted.
<inserted text> 
                }
l.52 \end{tabularx}
                   
I've inserted something that you may have forgotten.
(See the <inserted text> above.)
With luck, this will get me unwedged. But if you
really didn't forget anything, try typing `2' now; then
my insertion and my current dilemma will both disappear.


Overfull \vbox (18.61497pt too high) detected at line 52
 []

./phases.tex:52: Extra }, or forgotten \endgroup.
\multirow@vbox ...\if #1b\relax \else \vfill \fi }
                                                  
l.52 \end{tabularx}
                   
I've deleted a group-closing symbol because it seems to be
spurious, as in `$x}$'. But perhaps the } is legitimate and
you forgot something else, as in `\hbox{$x}'. In such cases
the way to recover is to insert both the forgotten and the
deleted material, e.g., by typing `I$}'.

./phases.tex:52: Missing } inserted.
<inserted text> 
                }
l.52 \end{tabularx}
                   
I've inserted something that you may have forgotten.
(See the <inserted text> above.)
With luck, this will get me unwedged. But if you
really didn't forget anything, try typing `2' now; then
my insertion and my current dilemma will both disappear.


Overfull \vbox (18.61497pt too high) detected at line 52
 []

./phases.tex:52: Extra }, or forgotten \endgroup.
\multirow@vbox ...\if #1b\relax \else \vfill \fi }
                                                  
l.52 \end{tabularx}
                   
I've deleted a group-closing symbol because it seems to be
spurious, as in `$x}$'. But perhaps the } is legitimate and
you forgot something else, as in `\hbox{$x}'. In such cases
the way to recover is to insert both the forgotten and the
deleted material, e.g., by typing `I$}'.

./phases.tex:52: Missing } inserted.
<inserted text> 
                }
l.52 \end{tabularx}
                   
I've inserted something that you may have forgotten.
(See the <inserted text> above.)
With luck, this will get me unwedged. But if you
really didn't forget anything, try typing `2' now; then
my insertion and my current dilemma will both disappear.


Overfull \vbox (18.61497pt too high) detected at line 52
 []

./phases.tex:52: Extra }, or forgotten \endgroup.
\multirow@vbox ...\if #1b\relax \else \vfill \fi }
                                                  
l.52 \end{tabularx}
                   
I've deleted a group-closing symbol because it seems to be
spurious, as in `$x}$'. But perhaps the } is legitimate and
you forgot something else, as in `\hbox{$x}'. In such cases
the way to recover is to insert both the forgotten and the
deleted material, e.g., by typing `I$}'.

./phases.tex:52: Missing } inserted.
<inserted text> 
                }
l.52 \end{tabularx}
                   
I've inserted something that you may have forgotten.
(See the <inserted text> above.)
With luck, this will get me unwedged. But if you
really didn't forget anything, try typing `2' now; then
my insertion and my current dilemma will both disappear.


Overfull \vbox (18.61497pt too high) detected at line 52
 []

./phases.tex:52: Extra }, or forgotten \endgroup.
\multirow@vbox ...\if #1b\relax \else \vfill \fi }
                                                  
l.52 \end{tabularx}
                   
I've deleted a group-closing symbol because it seems to be
spurious, as in `$x}$'. But perhaps the } is legitimate and
you forgot something else, as in `\hbox{$x}'. In such cases
the way to recover is to insert both the forgotten and the
deleted material, e.g., by typing `I$}'.

./phases.tex:52: Missing } inserted.
<inserted text> 
                }
l.52 \end{tabularx}
                   
I've inserted something that you may have forgotten.
(See the <inserted text> above.)
With luck, this will get me unwedged. But if you
really didn't forget anything, try typing `2' now; then
my insertion and my current dilemma will both disappear.


Overfull \vbox (18.61497pt too high) detected at line 52
 []

./phases.tex:52: Extra }, or forgotten \endgroup.
\multirow@vbox ...\if #1b\relax \else \vfill \fi }
                                                  
l.52 \end{tabularx}
                   
I've deleted a group-closing symbol because it seems to be
spurious, as in `$x}$'. But perhaps the } is legitimate and
you forgot something else, as in `\hbox{$x}'. In such cases
the way to recover is to insert both the forgotten and the
deleted material, e.g., by typing `I$}'.

./phases.tex:52: Missing } inserted.
<inserted text> 
                }
l.52 \end{tabularx}
                   
I've inserted something that you may have forgotten.
(See the <inserted text> above.)
With luck, this will get me unwedged. But if you
really didn't forget anything, try typing `2' now; then
my insertion and my current dilemma will both disappear.


Overfull \vbox (18.61497pt too high) detected at line 52
 []

./phases.tex:52: Extra }, or forgotten \endgroup.
\multirow@vbox ...\if #1b\relax \else \vfill \fi }
                                                  
l.52 \end{tabularx}
                   
I've deleted a group-closing symbol because it seems to be
spurious, as in `$x}$'. But perhaps the } is legitimate and
you forgot something else, as in `\hbox{$x}'. In such cases
the way to recover is to insert both the forgotten and the
deleted material, e.g., by typing `I$}'.

./phases.tex:52: Missing } inserted.
<inserted text> 
                }
l.52 \end{tabularx}
                   
I've inserted something that you may have forgotten.
(See the <inserted text> above.)
With luck, this will get me unwedged. But if you
really didn't forget anything, try typing `2' now; then
my insertion and my current dilemma will both disappear.


Overfull \vbox (18.61497pt too high) detected at line 52
 []

./phases.tex:52: Extra }, or forgotten \endgroup.
\multirow@vbox ...\if #1b\relax \else \vfill \fi }
                                                  
l.52 \end{tabularx}
                   
I've deleted a group-closing symbol because it seems to be
spurious, as in `$x}$'. But perhaps the } is legitimate and
you forgot something else, as in `\hbox{$x}'. In such cases
the way to recover is to insert both the forgotten and the
deleted material, e.g., by typing `I$}'.

./phases.tex:52: Missing } inserted.
<inserted text> 
                }
l.52 \end{tabularx}
                   
I've inserted something that you may have forgotten.
(See the <inserted text> above.)
With luck, this will get me unwedged. But if you
really didn't forget anything, try typing `2' now; then
my insertion and my current dilemma will both disappear.


Overfull \vbox (18.61497pt too high) detected at line 52
 []

./phases.tex:52: Extra }, or forgotten \endgroup.
\multirow@vbox ...\if #1b\relax \else \vfill \fi }
                                                  
l.52 \end{tabularx}
                   
I've deleted a group-closing symbol because it seems to be
spurious, as in `$x}$'. But perhaps the } is legitimate and
you forgot something else, as in `\hbox{$x}'. In such cases
the way to recover is to insert both the forgotten and the
deleted material, e.g., by typing `I$}'.

./phases.tex:52: Missing } inserted.
<inserted text> 
                }
l.52 \end{tabularx}
                   
I've inserted something that you may have forgotten.
(See the <inserted text> above.)
With luck, this will get me unwedged. But if you
really didn't forget anything, try typing `2' now; then
my insertion and my current dilemma will both disappear.


Overfull \vbox (18.61497pt too high) detected at line 52
 []

./phases.tex:52: Extra }, or forgotten \endgroup.
\multirow@vbox ...\if #1b\relax \else \vfill \fi }
                                                  
l.52 \end{tabularx}
                   
I've deleted a group-closing symbol because it seems to be
spurious, as in `$x}$'. But perhaps the } is legitimate and
you forgot something else, as in `\hbox{$x}'. In such cases
the way to recover is to insert both the forgotten and the
deleted material, e.g., by typing `I$}'.

./phases.tex:52: Missing } inserted.
<inserted text> 
                }
l.52 \end{tabularx}
                   
I've inserted something that you may have forgotten.
(See the <inserted text> above.)
With luck, this will get me unwedged. But if you
really didn't forget anything, try typing `2' now; then
my insertion and my current dilemma will both disappear.


Overfull \vbox (18.61497pt too high) detected at line 52
 []

./phases.tex:52: Extra }, or forgotten \endgroup.
\multirow@vbox ...\if #1b\relax \else \vfill \fi }
                                                  
l.52 \end{tabularx}
                   
I've deleted a group-closing symbol because it seems to be
spurious, as in `$x}$'. But perhaps the } is legitimate and
you forgot something else, as in `\hbox{$x}'. In such cases
the way to recover is to insert both the forgotten and the
deleted material, e.g., by typing `I$}'.

./phases.tex:52: Missing } inserted.
<inserted text> 
                }
l.52 \end{tabularx}
                   
I've inserted something that you may have forgotten.
(See the <inserted text> above.)
With luck, this will get me unwedged. But if you
really didn't forget anything, try typing `2' now; then
my insertion and my current dilemma will both disappear.


Overfull \vbox (18.61497pt too high) detected at line 52
 []

./phases.tex:52: Extra }, or forgotten \endgroup.
\multirow@vbox ...\if #1b\relax \else \vfill \fi }
                                                  
l.52 \end{tabularx}
                   
I've deleted a group-closing symbol because it seems to be
spurious, as in `$x}$'. But perhaps the } is legitimate and
you forgot something else, as in `\hbox{$x}'. In such cases
the way to recover is to insert both the forgotten and the
deleted material, e.g., by typing `I$}'.

./phases.tex:52: Missing } inserted.
<inserted text> 
                }
l.52 \end{tabularx}
                   
I've inserted something that you may have forgotten.
(See the <inserted text> above.)
With luck, this will get me unwedged. But if you
really didn't forget anything, try typing `2' now; then
my insertion and my current dilemma will both disappear.


Overfull \vbox (18.61497pt too high) detected at line 52
 []

./phases.tex:52: Extra }, or forgotten \endgroup.
\multirow@vbox ...\if #1b\relax \else \vfill \fi }
                                                  
l.52 \end{tabularx}
                   
I've deleted a group-closing symbol because it seems to be
spurious, as in `$x}$'. But perhaps the } is legitimate and
you forgot something else, as in `\hbox{$x}'. In such cases
the way to recover is to insert both the forgotten and the
deleted material, e.g., by typing `I$}'.

./phases.tex:52: Missing } inserted.
<inserted text> 
                }
l.52 \end{tabularx}
                   
I've inserted something that you may have forgotten.
(See the <inserted text> above.)
With luck, this will get me unwedged. But if you
really didn't forget anything, try typing `2' now; then
my insertion and my current dilemma will both disappear.


Overfull \vbox (18.61497pt too high) detected at line 52
 []

./phases.tex:52: Extra }, or forgotten \endgroup.
\multirow@vbox ...\if #1b\relax \else \vfill \fi }
                                                  
l.52 \end{tabularx}
                   
I've deleted a group-closing symbol because it seems to be
spurious, as in `$x}$'. But perhaps the } is legitimate and
you forgot something else, as in `\hbox{$x}'. In such cases
the way to recover is to insert both the forgotten and the
deleted material, e.g., by typing `I$}'.


Underfull \hbox (badness 2538) in paragraph at lines 52--52
[]| \T1/lmss/m/n/9 Stroke model es-tab-lish-ment, lon-gi-tu-di-nal
 []

./phases.tex:52: Missing } inserted.
<inserted text> 
                }
l.52 \end{tabularx}
                   
I've inserted something that you may have forgotten.
(See the <inserted text> above.)
With luck, this will get me unwedged. But if you
really didn't forget anything, try typing `2' now; then
my insertion and my current dilemma will both disappear.


Overfull \vbox (18.61497pt too high) detected at line 52
 []

./phases.tex:52: Extra }, or forgotten \endgroup.
\multirow@vbox ...\if #1b\relax \else \vfill \fi }
                                                  
l.52 \end{tabularx}
                   
I've deleted a group-closing symbol because it seems to be
spurious, as in `$x}$'. But perhaps the } is legitimate and
you forgot something else, as in `\hbox{$x}'. In such cases
the way to recover is to insert both the forgotten and the
deleted material, e.g., by typing `I$}'.

./phases.tex:52: Missing } inserted.
<inserted text> 
                }
l.52 \end{tabularx}
                   
I've inserted something that you may have forgotten.
(See the <inserted text> above.)
With luck, this will get me unwedged. But if you
really didn't forget anything, try typing `2' now; then
my insertion and my current dilemma will both disappear.


Overfull \vbox (18.61497pt too high) detected at line 52
 []

./phases.tex:52: Extra }, or forgotten \endgroup.
\multirow@vbox ...\if #1b\relax \else \vfill \fi }
                                                  
l.52 \end{tabularx}
                   
I've deleted a group-closing symbol because it seems to be
spurious, as in `$x}$'. But perhaps the } is legitimate and
you forgot something else, as in `\hbox{$x}'. In such cases
the way to recover is to insert both the forgotten and the
deleted material, e.g., by typing `I$}'.

./phases.tex:52: Missing } inserted.
<inserted text> 
                }
l.52 \end{tabularx}
                   
I've inserted something that you may have forgotten.
(See the <inserted text> above.)
With luck, this will get me unwedged. But if you
really didn't forget anything, try typing `2' now; then
my insertion and my current dilemma will both disappear.


Overfull \vbox (18.61497pt too high) detected at line 52
 []

./phases.tex:52: Extra }, or forgotten \endgroup.
\multirow@vbox ...\if #1b\relax \else \vfill \fi }
                                                  
l.52 \end{tabularx}
                   
I've deleted a group-closing symbol because it seems to be
spurious, as in `$x}$'. But perhaps the } is legitimate and
you forgot something else, as in `\hbox{$x}'. In such cases
the way to recover is to insert both the forgotten and the
deleted material, e.g., by typing `I$}'.

./phases.tex:52: Missing } inserted.
<inserted text> 
                }
l.52 \end{tabularx}
                   
I've inserted something that you may have forgotten.
(See the <inserted text> above.)
With luck, this will get me unwedged. But if you
really didn't forget anything, try typing `2' now; then
my insertion and my current dilemma will both disappear.


Overfull \vbox (18.61497pt too high) detected at line 52
 []

./phases.tex:52: Extra }, or forgotten \endgroup.
\multirow@vbox ...\if #1b\relax \else \vfill \fi }
                                                  
l.52 \end{tabularx}
                   
I've deleted a group-closing symbol because it seems to be
spurious, as in `$x}$'. But perhaps the } is legitimate and
you forgot something else, as in `\hbox{$x}'. In such cases
the way to recover is to insert both the forgotten and the
deleted material, e.g., by typing `I$}'.


Underfull \hbox (badness 10000) in paragraph at lines 52--52
[]| \T1/lmss/m/n/9 Con-fer-ence pre-sen-ta-tions and re-search
 []

./phases.tex:52: Missing } inserted.
<inserted text> 
                }
l.52 \end{tabularx}
                   
I've inserted something that you may have forgotten.
(See the <inserted text> above.)
With luck, this will get me unwedged. But if you
really didn't forget anything, try typing `2' now; then
my insertion and my current dilemma will both disappear.


Overfull \vbox (18.61497pt too high) detected at line 52
 []

./phases.tex:52: Extra }, or forgotten \endgroup.
\multirow@vbox ...\if #1b\relax \else \vfill \fi }
                                                  
l.52 \end{tabularx}
                   
I've deleted a group-closing symbol because it seems to be
spurious, as in `$x}$'. But perhaps the } is legitimate and
you forgot something else, as in `\hbox{$x}'. In such cases
the way to recover is to insert both the forgotten and the
deleted material, e.g., by typing `I$}'.

./phases.tex:52: Missing } inserted.
<inserted text> 
                }
l.52 \end{tabularx}
                   
I've inserted something that you may have forgotten.
(See the <inserted text> above.)
With luck, this will get me unwedged. But if you
really didn't forget anything, try typing `2' now; then
my insertion and my current dilemma will both disappear.


Overfull \vbox (18.61497pt too high) detected at line 52
 []

./phases.tex:52: Extra }, or forgotten \endgroup.
\multirow@vbox ...\if #1b\relax \else \vfill \fi }
                                                  
l.52 \end{tabularx}
                   
I've deleted a group-closing symbol because it seems to be
spurious, as in `$x}$'. But perhaps the } is legitimate and
you forgot something else, as in `\hbox{$x}'. In such cases
the way to recover is to insert both the forgotten and the
deleted material, e.g., by typing `I$}'.

./phases.tex:52: Missing } inserted.
<inserted text> 
                }
l.52 \end{tabularx}
                   
I've inserted something that you may have forgotten.
(See the <inserted text> above.)
With luck, this will get me unwedged. But if you
really didn't forget anything, try typing `2' now; then
my insertion and my current dilemma will both disappear.


Overfull \vbox (18.61497pt too high) detected at line 52
 []

./phases.tex:52: Extra }, or forgotten \endgroup.
\multirow@vbox ...\if #1b\relax \else \vfill \fi }
                                                  
l.52 \end{tabularx}
                   
I've deleted a group-closing symbol because it seems to be
spurious, as in `$x}$'. But perhaps the } is legitimate and
you forgot something else, as in `\hbox{$x}'. In such cases
the way to recover is to insert both the forgotten and the
deleted material, e.g., by typing `I$}'.

./phases.tex:52: Missing } inserted.
<inserted text> 
                }
l.52 \end{tabularx}
                   
I've inserted something that you may have forgotten.
(See the <inserted text> above.)
With luck, this will get me unwedged. But if you
really didn't forget anything, try typing `2' now; then
my insertion and my current dilemma will both disappear.


Overfull \vbox (18.61497pt too high) detected at line 52
 []

./phases.tex:52: Extra }, or forgotten \endgroup.
\multirow@vbox ...\if #1b\relax \else \vfill \fi }
                                                  
l.52 \end{tabularx}
                   
I've deleted a group-closing symbol because it seems to be
spurious, as in `$x}$'. But perhaps the } is legitimate and
you forgot something else, as in `\hbox{$x}'. In such cases
the way to recover is to insert both the forgotten and the
deleted material, e.g., by typing `I$}'.

./phases.tex:52: Missing } inserted.
<inserted text> 
                }
l.52 \end{tabularx}
                   
I've inserted something that you may have forgotten.
(See the <inserted text> above.)
With luck, this will get me unwedged. But if you
really didn't forget anything, try typing `2' now; then
my insertion and my current dilemma will both disappear.


Overfull \vbox (18.61497pt too high) detected at line 52
 []

./phases.tex:52: Extra }, or forgotten \endgroup.
\multirow@vbox ...\if #1b\relax \else \vfill \fi }
                                                  
l.52 \end{tabularx}
                   
I've deleted a group-closing symbol because it seems to be
spurious, as in `$x}$'. But perhaps the } is legitimate and
you forgot something else, as in `\hbox{$x}'. In such cases
the way to recover is to insert both the forgotten and the
deleted material, e.g., by typing `I$}'.

[1


])
\openout2 = `monthly.aux'.

 (./monthly.tex
LaTeX Font Info:    External font `lmex10' loaded for size
(Font)              <10.95> on input line 1.
LaTeX Font Info:    External font `lmex10' loaded for size
(Font)              <8> on input line 1.

Overfull \hbox (113.76016pt too wide) in paragraph at lines 259--259
[]|[][][] 
 []


Underfull \hbox (badness 10000) in paragraph at lines 259--262

 []

[2



]
Overfull \hbox (341.28049pt too wide) in paragraph at lines 521--521
[]|[][][] 
 []


Overfull \hbox (284.4004pt too wide) in paragraph at lines 521--521
[]|[][][] 
 []


Overfull \hbox (227.52032pt too wide) in paragraph at lines 521--521
[]|[][][] 
 []


Overfull \hbox (170.64024pt too wide) in paragraph at lines 521--521
[]|[][][] 
 []


Overfull \hbox (113.76016pt too wide) in paragraph at lines 521--521
[]|[][][] 
 []


Overfull \hbox (56.88008pt too wide) in paragraph at lines 521--521
[]|[][][] 
 []


Overfull \hbox (341.28049pt too wide) in paragraph at lines 521--521
[]|[][][] 
 []


Overfull \hbox (284.4004pt too wide) in paragraph at lines 521--521
[]|[][][] 
 []


Overfull \hbox (227.52032pt too wide) in paragraph at lines 521--521
[]|[][][] 
 []


Overfull \hbox (56.88008pt too wide) in paragraph at lines 521--521
[]|[][][] 
 []


Overfull \hbox (341.28049pt too wide) in paragraph at lines 521--521
[]|[][][] 
 []


Overfull \hbox (113.76016pt too wide) in paragraph at lines 521--521
[]|[][][] 
 []


Underfull \hbox (badness 10000) in paragraph at lines 521--524

 []

[3]
Overfull \hbox (227.52032pt too wide) in paragraph at lines 785--785
[]|[][][] 
 []


Overfull \hbox (284.4004pt too wide) in paragraph at lines 785--785
[]|[][][] 
 []


Overfull \hbox (227.52032pt too wide) in paragraph at lines 785--785
[]|[][][] 
 []


Overfull \hbox (284.4004pt too wide) in paragraph at lines 785--785
[]|[][][] 
 []


Overfull \hbox (227.52032pt too wide) in paragraph at lines 785--785
[]|[][][] 
 []


Overfull \hbox (284.4004pt too wide) in paragraph at lines 785--785
[]|[][][] 
 []


Overfull \hbox (284.4004pt too wide) in paragraph at lines 785--785
[]|[][][] 
 []


Underfull \hbox (badness 10000) in paragraph at lines 785--788

 []

[4]
Overfull \hbox (284.4004pt too wide) in paragraph at lines 1047--1047
[]|[][][] 
 []


Overfull \hbox (227.52032pt too wide) in paragraph at lines 1047--1047
[]|[][][] 
 []


Overfull \hbox (113.76016pt too wide) in paragraph at lines 1047--1047
[]|[][][] 
 []


Underfull \hbox (badness 10000) in paragraph at lines 1047--1050

 []

[5]
Overfull \hbox (341.28049pt too wide) in paragraph at lines 1311--1311
[]|[][][] 
 []


Overfull \hbox (341.28049pt too wide) in paragraph at lines 1311--1311
[]|[][][] 
 []


Overfull \hbox (170.64024pt too wide) in paragraph at lines 1311--1311
[]|[][][] 
 []


Overfull \hbox (113.76016pt too wide) in paragraph at lines 1311--1311
[]|[][][] 
 []


Overfull \hbox (56.88008pt too wide) in paragraph at lines 1311--1311
[]|[][][] 
 []


Overfull \hbox (284.4004pt too wide) in paragraph at lines 1311--1311
[]|[][][] 
 []


Underfull \hbox (badness 10000) in paragraph at lines 1311--1314

 []

[6]
Overfull \hbox (170.64024pt too wide) in paragraph at lines 1575--1575
[]|[][][] 
 []


Underfull \hbox (badness 10000) in paragraph at lines 1575--1578

 []

[7]
Overfull \hbox (113.76016pt too wide) in paragraph at lines 1833--1833
[]|[][][] 
 []


Underfull \hbox (badness 10000) in paragraph at lines 1833--1836

 []

[8]
Overfull \hbox (56.88008pt too wide) in paragraph at lines 2132--2132
[]|[][][] 
 []


Underfull \hbox (badness 10000) in paragraph at lines 2132--2135

 []

[9]
Overfull \hbox (227.52032pt too wide) in paragraph at lines 2394--2394
[]|[][][] 
 []


Overfull \hbox (170.64024pt too wide) in paragraph at lines 2394--2394
[]|[][][] 
 []


Overfull \hbox (284.4004pt too wide) in paragraph at lines 2394--2394
[]|[][][] 
 []


Underfull \hbox (badness 10000) in paragraph at lines 2394--2397

 []

[10]
Overfull \hbox (113.76016pt too wide) in paragraph at lines 2658--2658
[]|[][][] 
 []


Overfull \hbox (341.28049pt too wide) in paragraph at lines 2658--2658
[]|[][][] 
 []


Overfull \hbox (56.88008pt too wide) in paragraph at lines 2658--2658
[]|[][][] 
 []


Overfull \hbox (170.64024pt too wide) in paragraph at lines 2658--2658
[]|[][][] 
 []


Underfull \hbox (badness 10000) in paragraph at lines 2658--2661

 []

[11]
Overfull \hbox (170.64024pt too wide) in paragraph at lines 2920--2920
[]|[][][] 
 []


Overfull \hbox (113.76016pt too wide) in paragraph at lines 2920--2920
[]|[][][] 
 []


Underfull \hbox (badness 10000) in paragraph at lines 2920--2923

 []

[12]
Overfull \hbox (227.52032pt too wide) in paragraph at lines 3184--3184
[]|[][][] 
 []


Overfull \hbox (227.52032pt too wide) in paragraph at lines 3184--3184
[]|[][][] 
 []


Overfull \hbox (284.4004pt too wide) in paragraph at lines 3184--3184
[]|[][][] 
 []


Overfull \hbox (56.88008pt too wide) in paragraph at lines 3184--3184
[]|[][][] 
 []


Overfull \hbox (284.4004pt too wide) in paragraph at lines 3184--3184
[]|[][][] 
 []


Underfull \hbox (badness 10000) in paragraph at lines 3184--3187

 []

[13]
Overfull \hbox (56.88008pt too wide) in paragraph at lines 3483--3483
[]|[][][] 
 []


Overfull \hbox (284.4004pt too wide) in paragraph at lines 3483--3483
[]|[][][] 
 []


Overfull \hbox (284.4004pt too wide) in paragraph at lines 3483--3483
[]|[][][] 
 []


Overfull \hbox (227.52032pt too wide) in paragraph at lines 3483--3483
[]|[][][] 
 []


Underfull \hbox (badness 10000) in paragraph at lines 3483--3486

 []

[14]
Overfull \hbox (284.4004pt too wide) in paragraph at lines 3745--3745
[]|[][][] 
 []


Overfull \hbox (227.52032pt too wide) in paragraph at lines 3745--3745
[]|[][][] 
 []


Overfull \hbox (341.28049pt too wide) in paragraph at lines 3745--3745
[]|[][][] 
 []


Overfull \hbox (56.88008pt too wide) in paragraph at lines 3745--3745
[]|[][][] 
 []


Underfull \hbox (badness 10000) in paragraph at lines 3745--3748

 []

[15]
Overfull \hbox (170.64024pt too wide) in paragraph at lines 4009--4009
[]|[][][] 
 []


Overfull \hbox (341.28049pt too wide) in paragraph at lines 4009--4009
[]|[][][] 
 []


Underfull \hbox (badness 10000) in paragraph at lines 4009--4012

 []

[16]
Overfull \hbox (227.52032pt too wide) in paragraph at lines 4306--4306
[]|[][][] 
 []


Underfull \hbox (badness 10000) in paragraph at lines 4306--4309

 []

[17]
Overfull \hbox (170.64024pt too wide) in paragraph at lines 4570--4570
[]|[][][] 
 []


Overfull \hbox (56.88008pt too wide) in paragraph at lines 4570--4570
[]|[][][] 
 []


Overfull \hbox (284.4004pt too wide) in paragraph at lines 4570--4570
[]|[][][] 
 []


Overfull \hbox (2.65956pt too wide) in paragraph at lines 4570--4570
\T1/lmss/bx/n/8 manuscripts 
 []


Overfull \hbox (2.65956pt too wide) in paragraph at lines 4570--4570
\T1/lmss/bx/n/8 manuscripts 
 []


Underfull \hbox (badness 10000) in paragraph at lines 4570--4573

 []

[18] [19]
Overfull \hbox (113.76016pt too wide) in paragraph at lines 4834--4834
[]|[][][] 
 []


Underfull \hbox (badness 10000) in paragraph at lines 4834--4837

 []

[20]
Overfull \hbox (227.52032pt too wide) in paragraph at lines 5057--5057
[]|[][][] 
 []


Overfull \hbox (284.4004pt too wide) in paragraph at lines 5057--5057
[]|[][][] 
 []


Underfull \hbox (badness 10000) in paragraph at lines 5057--5060

 []

[21]
Overfull \hbox (284.4004pt too wide) in paragraph at lines 5321--5321
[]|[][][] 
 []


Underfull \hbox (badness 10000) in paragraph at lines 5321--5324

 []

[22]
Overfull \hbox (170.64024pt too wide) in paragraph at lines 5583--5583
[]|[][][] 
 []


Overfull \hbox (113.76016pt too wide) in paragraph at lines 5583--5583
[]|[][][] 
 []


Underfull \hbox (badness 10000) in paragraph at lines 5583--5586

 []

[23]
Overfull \hbox (341.28049pt too wide) in paragraph at lines 5882--5882
[]|[][][] 
 []


Underfull \hbox (badness 10000) in paragraph at lines 5882--5885

 []

[24]
Overfull \hbox (284.4004pt too wide) in paragraph at lines 6144--6144
[]|[][][] 
 []


Overfull \hbox (56.88008pt too wide) in paragraph at lines 6144--6144
[]|[][][] 
 []


Overfull \hbox (2.95929pt too wide) in paragraph at lines 6144--6144
[]\T1/lmss/bx/n/8 Dissertation 
 []


Overfull \hbox (2.95929pt too wide) in paragraph at lines 6144--6144
[]\T1/lmss/bx/n/8 Dissertation 
 []


Underfull \hbox (badness 10000) in paragraph at lines 6144--6147

 []

[25]
Overfull \hbox (170.64024pt too wide) in paragraph at lines 6408--6408
[]|[][][] 
 []


Overfull \hbox (113.76016pt too wide) in paragraph at lines 6408--6408
[]|[][][] 
 []


Overfull \hbox (56.88008pt too wide) in paragraph at lines 6408--6408
[]|[][][] 
 []


Overfull \hbox (227.52032pt too wide) in paragraph at lines 6408--6408
[]|[][][] 
 []


Underfull \hbox (badness 10000) in paragraph at lines 6408--6411

 []

[26]
Overfull \hbox (170.64024pt too wide) in paragraph at lines 6707--6707
[]|[][][] 
 []


Underfull \hbox (badness 10000) in paragraph at lines 6707--6710

 []

[27]
Underfull \hbox (badness 10000) in paragraph at lines 6969--6972

 []

[28]
Underfull \hbox (badness 10000) in paragraph at lines 7233--7236

 []

[29]
Underfull \hbox (badness 10000) in paragraph at lines 7495--7498

 []

[30]
Underfull \hbox (badness 10000) in paragraph at lines 7759--7762

 []

) [31]
./monthly_calendar.tex:250: I can't find file `monthly_calendar.aux'.
\enddocument ...keatletter \@@input \jobname .aux 
                                                  \fi \UseOneTimeHook {enddo...
l.250 \end{document}
                    
(Press Enter to retry, or Control-D to exit)
Please type another input file name
./monthly_calendar.tex:250: Emergency stop.
\enddocument ...keatletter \@@input \jobname .aux 
                                                  \fi \UseOneTimeHook {enddo...
l.250 \end{document}
                    
*** (job aborted, file error in nonstop mode)

 
Here is how much of TeX's memory you used:
 23793 strings out of 474773
 506694 string characters out of 5757725
 1993839 words of memory out of 5000000
 45473 multiletter control sequences out of 15000+600000
 603504 words of font info for 72 fonts, out of 8000000 for 9000
 1348 hyphenation exceptions out of 8191
 84i,20n,96p,1890b,1596s stack positions out of 10000i,1000n,20000p,200000b,200000s
Output written on monthly_calendar.pdf (31 pages).
